# JRE version: Java(TM) SE Runtime Environment (8.0_144-b01) (build 1.8.0_144-b01)
# Java VM: Java HotSpot(TM) 64-Bit Server VM (25.144-b01 mixed mode linux-amd64 compressed oops)
Heap:
 PSYoungGen      total 134656K, used 8162K [0x00000000eb600000, 0x00000000f4200000, 0x0000000100000000)
  eden space 126464K, 0% used [0x00000000eb600000,0x00000000eb600000,0x00000000f3180000)
  from space 8192K, 99% used [0x00000000f3180000,0x00000000f3978808,0x00000000f3980000)
  to   space 7680K, 0% used [0x00000000f3980000,0x00000000f3980000,0x00000000f4100000)
 ParOldGen       total 42496K, used 19842K [0x00000000c2200000, 0x00000000c4b80000, 0x00000000eb600000)
  object space 42496K, 46% used [0x00000000c2200000,0x00000000c35608a0,0x00000000c4b80000)
 Metaspace       used 20664K, capacity 21218K, committed 21248K, reserved 1069056K
  class space    used 2455K, capacity 2559K, committed 2560K, reserved 1048576K
GC Heap History (10 events):
Event: 2.430 GC heap after
Heap after GC invocations=2 (full 0):
 PSYoungGen      total 34304K, used 2535K [0x00000000eb600000, 0x00000000eda00000, 0x0000000100000000)
  eden space 31744K, 0% used [0x00000000eb600000,0x00000000eb600000,0x00000000ed500000)
  from space 2560K, 99% used [0x00000000ed780000,0x00000000ed9f9e80,0x00000000eda00000)
  to   space 2560K, 0% used [0x00000000ed500000,0x00000000ed500000,0x00000000ed780000)
 ParOldGen       total 42496K, used 1139K [0x00000000c2200000, 0x00000000c4b80000, 0x00000000eb600000)
  object space 42496K, 2% used [0x00000000c2200000,0x00000000c231cdd0,0x00000000c4b80000)
 Metaspace       used 8053K, capacity 8232K, committed 8320K, reserved 1056768K
  class space    used 1003K, capacity 1082K, committed 1152K, reserved 1048576K
}
Event: 3.809 GC heap before
{Heap before GC invocations=3 (full 0):
 PSYoungGen      total 34304K, used 34279K [0x00000000eb600000, 0x00000000eda00000, 0x0000000100000000)
  eden space 31744K, 100% used [0x00000000eb600000,0x00000000ed500000,0x00000000ed500000)
  from space 2560K, 99% used [0x00000000ed780000,0x00000000ed9f9e80,0x00000000eda00000)
  to   space 2560K, 0% used [0x00000000ed500000,0x00000000ed500000,0x00000000ed780000)
 ParOldGen       total 42496K, used 1139K [0x00000000c2200000, 0x00000000c4b80000, 0x00000000eb600000)
  object space 42496K, 2% used [0x00000000c2200000,0x00000000c231cdd0,0x00000000c4b80000)
 Metaspace       used 11593K, capacity 11700K, committed 11776K, reserved 1058816K
  class space    used 1426K, capacity 1468K, committed 1536K, reserved 1048576K
Event: 3.822 GC heap after
Heap after GC invocations=3 (full 0):
 PSYoungGen      total 34304K, used 2528K [0x00000000eb600000, 0x00000000ef900000, 0x0000000100000000)
  eden space 31744K, 0% used [0x00000000eb600000,0x00000000eb600000,0x00000000ed500000)
  from space 2560K, 98% used [0x00000000ed500000,0x00000000ed778020,0x00000000ed780000)
  to   space 2560K, 0% used [0x00000000ef680000,0x00000000ef680000,0x00000000ef900000)
 ParOldGen       total 42496K, used 3874K [0x00000000c2200000, 0x00000000c4b80000, 0x00000000eb600000)
  object space 42496K, 9% used [0x00000000c2200000,0x00000000c25c8a80,0x00000000c4b80000)
 Metaspace       used 11593K, capacity 11700K, committed 11776K, reserved 1058816K
  class space    used 1426K, capacity 1468K, committed 1536K, reserved 1048576K
}
Event: 4.997 GC heap before
{Heap before GC invocations=4 (full 0):
 PSYoungGen      total 34304K, used 34272K [0x00000000eb600000, 0x00000000ef900000, 0x0000000100000000)
  eden space 31744K, 100% used [0x00000000eb600000,0x00000000ed500000,0x00000000ed500000)
  from space 2560K, 98% used [0x00000000ed500000,0x00000000ed778020,0x00000000ed780000)
  to   space 2560K, 0% used [0x00000000ef680000,0x00000000ef680000,0x00000000ef900000)
 ParOldGen       total 42496K, used 3874K [0x00000000c2200000, 0x00000000c4b80000, 0x00000000eb600000)
  object space 42496K, 9% used [0x00000000c2200000,0x00000000c25c8a80,0x00000000c4b80000)
 Metaspace       used 13690K, capacity 13930K, committed 14080K, reserved 1060864K
  class space    used 1615K, capacity 1674K, committed 1792K, reserved 1048576K
Event: 5.113 GC heap after
Heap after GC invocations=4 (full 0):
 PSYoungGen      total 66048K, used 2528K [0x00000000eb600000, 0x00000000ef900000, 0x0000000100000000)
  eden space 63488K, 0% used [0x00000000eb600000,0x00000000eb600000,0x00000000ef400000)
  from space 2560K, 98% used [0x00000000ef680000,0x00000000ef8f8020,0x00000000ef900000)
  to   space 2560K, 0% used [0x00000000ef400000,0x00000000ef400000,0x00000000ef680000)
 ParOldGen       total 42496K, used 7329K [0x00000000c2200000, 0x00000000c4b80000, 0x00000000eb600000)
  object space 42496K, 17% used [0x00000000c2200000,0x00000000c2928608,0x00000000c4b80000)
 Metaspace       used 13690K, capacity 13930K, committed 14080K, reserved 1060864K
  class space    used 1615K, capacity 1674K, committed 1792K, reserved 1048576K
}
Event: 5.772 GC heap before
{Heap before GC invocations=5 (full 0):
 PSYoungGen      total 66048K, used 66016K [0x00000000eb600000, 0x00000000ef900000, 0x0000000100000000)
  eden space 63488K, 100% used [0x00000000eb600000,0x00000000ef400000,0x00000000ef400000)
  from space 2560K, 98% used [0x00000000ef680000,0x00000000ef8f8020,0x00000000ef900000)
  to   space 2560K, 0% used [0x00000000ef400000,0x00000000ef400000,0x00000000ef680000)
 ParOldGen       total 42496K, used 7329K [0x00000000c2200000, 0x00000000c4b80000, 0x00000000eb600000)
  object space 42496K, 17% used [0x00000000c2200000,0x00000000c2928608,0x00000000c4b80000)
 Metaspace       used 13994K, capacity 14230K, committed 14592K, reserved 1062912K
  class space    used 1635K, capacity 1708K, committed 1792K, reserved 1048576K
Event: 5.792 GC heap after
Heap after GC invocations=5 (full 0):
 PSYoungGen      total 66048K, used 2544K [0x00000000eb600000, 0x00000000f4100000, 0x0000000100000000)
  eden space 63488K, 0% used [0x00000000eb600000,0x00000000eb600000,0x00000000ef400000)
  from space 2560K, 99% used [0x00000000ef400000,0x00000000ef67c010,0x00000000ef680000)
  to   space 7680K, 0% used [0x00000000f3980000,0x00000000f3980000,0x00000000f4100000)
 ParOldGen       total 42496K, used 10925K [0x00000000c2200000, 0x00000000c4b80000, 0x00000000eb600000)
  object space 42496K, 25% used [0x00000000c2200000,0x00000000c2cab760,0x00000000c4b80000)
 Metaspace       used 13994K, capacity 14230K, committed 14592K, reserved 1062912K
  class space    used 1635K, capacity 1708K, committed 1792K, reserved 1048576K
}
Event: 8.759 GC heap before
{Heap before GC invocations=6 (full 0):
 PSYoungGen      total 66048K, used 66032K [0x00000000eb600000, 0x00000000f4100000, 0x0000000100000000)
  eden space 63488K, 100% used [0x00000000eb600000,0x00000000ef400000,0x00000000ef400000)
  from space 2560K, 99% used [0x00000000ef400000,0x00000000ef67c010,0x00000000ef680000)
  to   space 7680K, 0% used [0x00000000f3980000,0x00000000f3980000,0x00000000f4100000)
 ParOldGen       total 42496K, used 10925K [0x00000000c2200000, 0x00000000c4b80000, 0x00000000eb600000)
  object space 42496K, 25% used [0x00000000c2200000,0x00000000c2cab760,0x00000000c4b80000)
 Metaspace       used 16962K, capacity 17472K, committed 17792K, reserved 1064960K
  class space    used 2002K, capacity 2101K, committed 2176K, reserved 1048576K
Event: 8.827 GC heap after
Heap after GC invocations=6 (full 0):
 PSYoungGen      total 134144K, used 6555K [0x00000000eb600000, 0x00000000f4200000, 0x0000000100000000)
  eden space 126464K, 0% used [0x00000000eb600000,0x00000000eb600000,0x00000000f3180000)
  from space 7680K, 85% used [0x00000000f3980000,0x00000000f3fe6de8,0x00000000f4100000)
  to   space 8192K, 0% used [0x00000000f3180000,0x00000000f3180000,0x00000000f3980000)
 ParOldGen       total 42496K, used 10933K [0x00000000c2200000, 0x00000000c4b80000, 0x00000000eb600000)
  object space 42496K, 25% used [0x00000000c2200000,0x00000000c2cad760,0x00000000c4b80000)
 Metaspace       used 16962K, capacity 17472K, committed 17792K, reserved 1064960K
  class space    used 2002K, capacity 2101K, committed 2176K, reserved 1048576K
}
Event: 11.578 GC heap before
{Heap before GC invocations=7 (full 0):
 PSYoungGen      total 134144K, used 80565K [0x00000000eb600000, 0x00000000f4200000, 0x0000000100000000)
  eden space 126464K, 58% used [0x00000000eb600000,0x00000000efe468a8,0x00000000f3180000)
  from space 7680K, 85% used [0x00000000f3980000,0x00000000f3fe6de8,0x00000000f4100000)
  to   space 8192K, 0% used [0x00000000f3180000,0x00000000f3180000,0x00000000f3980000)
 ParOldGen       total 42496K, used 10933K [0x00000000c2200000, 0x00000000c4b80000, 0x00000000eb600000)
  object space 42496K, 25% used [0x00000000c2200000,0x00000000c2cad760,0x00000000c4b80000)
 Metaspace       used 20664K, capacity 21218K, committed 21248K, reserved 1069056K
  class space    used 2455K, capacity 2559K, committed 2560K, reserved 1048576K

